[debug] [2020-07-17T08:07:23.570Z] ----------------------------------------------------------------------
[debug] [2020-07-17T08:07:23.574Z] Command:       C:\Program Files\nodejs\node.exe C:\Users\prafu\AppData\Roaming\npm\node_modules\firebase-tools\lib\bin\firebase.js login
[debug] [2020-07-17T08:07:23.575Z] CLI Version:   8.6.0
[debug] [2020-07-17T08:07:23.575Z] Platform:      win32
[debug] [2020-07-17T08:07:23.575Z] Node Version:  v12.18.1
[debug] [2020-07-17T08:07:23.578Z] Time:          Fri Jul 17 2020 13:37:23 GMT+0530 (India Standard Time)
[debug] [2020-07-17T08:07:23.578Z] ----------------------------------------------------------------------
[debug] [2020-07-17T08:07:23.578Z] 
[info] i  Firebase optionally collects CLI usage and error reporting information to help improve our products. Data is collected in accordance with Google's privacy policy (https://policies.google.com/privacy) and is not used to identify you.
 
[info] 
[info] Visit this URL on this device to log in:
[info] https://accounts.google.com/o/oauth2/auth?client_id=563584335869-fgrhgmd47bqnekij5i8b5pr03ho849e6.apps.googleusercontent.com&scope=email%20openid%20https%3A%2F%2Fwww.googleapis.com%2Fauth%2Fcloudplatformprojects.readonly%20https%3A%2F%2Fwww.googleapis.com%2Fauth%2Ffirebase%20https%3A%2F%2Fwww.googleapis.com%2Fauth%2Fcloud-platform&response_type=code&state=1005488838&redirect_uri=http%3A%2F%2Flocalhost%3A9005
[info] 
[info] Waiting for authentication...
[debug] [2020-07-17T08:07:38.595Z] >>> HTTP REQUEST POST https://accounts.google.com/o/oauth2/token  
 {"code":"4/2AG81H-pjCahco_rNoCLRyfE1NGSsPsz-FQVF_KQmdpodZtYzdYyWlcFsbBFjQuam1CGKb68Lh3YmHK9LwKSlSk","client_id":"563584335869-fgrhgmd47bqnekij5i8b5pr03ho849e6.apps.googleusercontent.com","client_secret":"j9iVZfS8kkCEFUPaAeJV0sAi","redirect_uri":"http://localhost:9005","grant_type":"authorization_code"}
[debug] [2020-07-17T08:07:59.620Z] Token Fetch Error: FirebaseError: Server Error. connect ETIMEDOUT 172.217.166.13:443
    at Request._callback (C:\Users\prafu\AppData\Roaming\npm\node_modules\firebase-tools\lib\api.js:32:31)
    at self.callback (C:\Users\prafu\AppData\Roaming\npm\node_modules\firebase-tools\node_modules\request\request.js:185:22)
    at Request.emit (events.js:315:20)
    at Request.EventEmitter.emit (domain.js:482:12)
    at Request.onRequestError (C:\Users\prafu\AppData\Roaming\npm\node_modules\firebase-tools\node_modules\request\request.js:877:8)
    at ClientRequest.emit (events.js:315:20)
    at ClientRequest.EventEmitter.emit (domain.js:482:12)
    at TLSSocket.socketErrorListener (_http_client.js:426:9)
    at TLSSocket.emit (events.js:315:20)
    at TLSSocket.EventEmitter.emit (domain.js:482:12)
    at emitErrorNT (internal/streams/destroy.js:92:8)
    at emitErrorAndCloseNT (internal/streams/destroy.js:60:3)
    at processTicksAndRejections (internal/process/task_queues.js:84:21)
[debug] [2020-07-17T08:08:16.810Z] ----------------------------------------------------------------------
[debug] [2020-07-17T08:08:16.813Z] Command:       C:\Program Files\nodejs\node.exe C:\Users\prafu\AppData\Roaming\npm\node_modules\firebase-tools\lib\bin\firebase.js login
[debug] [2020-07-17T08:08:16.813Z] CLI Version:   8.6.0
[debug] [2020-07-17T08:08:16.814Z] Platform:      win32
[debug] [2020-07-17T08:08:16.814Z] Node Version:  v12.18.1
[debug] [2020-07-17T08:08:16.818Z] Time:          Fri Jul 17 2020 13:38:16 GMT+0530 (India Standard Time)
[debug] [2020-07-17T08:08:16.819Z] ----------------------------------------------------------------------
[debug] [2020-07-17T08:08:16.819Z] 
[info] i  Firebase optionally collects CLI usage and error reporting information to help improve our products. Data is collected in accordance with Google's privacy policy (https://policies.google.com/privacy) and is not used to identify you.
 
[info] 
[info] Visit this URL on this device to log in:
[info] https://accounts.google.com/o/oauth2/auth?client_id=563584335869-fgrhgmd47bqnekij5i8b5pr03ho849e6.apps.googleusercontent.com&scope=email%20openid%20https%3A%2F%2Fwww.googleapis.com%2Fauth%2Fcloudplatformprojects.readonly%20https%3A%2F%2Fwww.googleapis.com%2Fauth%2Ffirebase%20https%3A%2F%2Fwww.googleapis.com%2Fauth%2Fcloud-platform&response_type=code&state=330621861&redirect_uri=http%3A%2F%2Flocalhost%3A9005
[info] 
[info] Waiting for authentication...
[debug] [2020-07-17T08:08:26.630Z] >>> HTTP REQUEST POST https://accounts.google.com/o/oauth2/token  
 {"code":"4/2AGdrQ7fly8L-ILrk0Pa5S6IwJLxJPgYJddj0OvTkdJzfxTkx-ogHXuTHLq0cK7aGe6QOdkoLWU0rhn0Y6X3sGI","client_id":"563584335869-fgrhgmd47bqnekij5i8b5pr03ho849e6.apps.googleusercontent.com","client_secret":"j9iVZfS8kkCEFUPaAeJV0sAi","redirect_uri":"http://localhost:9005","grant_type":"authorization_code"}
[debug] [2020-07-17T08:08:47.655Z] Token Fetch Error: FirebaseError: Server Error. connect ETIMEDOUT 172.217.166.13:443
    at Request._callback (C:\Users\prafu\AppData\Roaming\npm\node_modules\firebase-tools\lib\api.js:32:31)
    at self.callback (C:\Users\prafu\AppData\Roaming\npm\node_modules\firebase-tools\node_modules\request\request.js:185:22)
    at Request.emit (events.js:315:20)
    at Request.EventEmitter.emit (domain.js:482:12)
    at Request.onRequestError (C:\Users\prafu\AppData\Roaming\npm\node_modules\firebase-tools\node_modules\request\request.js:877:8)
    at ClientRequest.emit (events.js:315:20)
    at ClientRequest.EventEmitter.emit (domain.js:482:12)
    at TLSSocket.socketErrorListener (_http_client.js:426:9)
    at TLSSocket.emit (events.js:315:20)
    at TLSSocket.EventEmitter.emit (domain.js:482:12)
    at emitErrorNT (internal/streams/destroy.js:92:8)
    at emitErrorAndCloseNT (internal/streams/destroy.js:60:3)
    at processTicksAndRejections (internal/process/task_queues.js:84:21)
